<?xml version="1.0" encoding="UTF-8"?>
<testng-results ignored="0" total="1" passed="1" failed="0" skipped="0">
  <reporter-output>
  </reporter-output>
  <suite started-at="2021-10-10T13:19:00 EDT" name="Default suite" finished-at="2021-10-10T13:19:02 EDT" duration-ms="2149">
    <groups>
    </groups>
    <test started-at="2021-10-10T13:19:00 EDT" name="Default test" finished-at="2021-10-10T13:19:02 EDT" duration-ms="2149">
      <class name="restAPITest.APIDelete">
        <test-method signature="deleteApi()[pri:0, instance:restAPITest.APIDelete@9353778]" started-at="2021-10-10T13:19:00 EDT" name="deleteApi" finished-at="2021-10-10T13:19:02 EDT" duration-ms="2106" status="PASS">
          <reporter-output>
          </reporter-output>
        </test-method> <!-- deleteApi -->
      </class> <!-- restAPITest.APIDelete -->
    </test> <!-- Default test -->
  </suite> <!-- Default suite -->
</testng-results>
